gridghost/android/build/app/intermediates/manifest_merge_blame_file/debug/processDebugMainManifest/manifest-merger-blame-debug-report.txt
1<?xml version="1.0" encoding="utf-8"?>
2<manifest xmlns:android="http://schemas.android.com/apk/res/android"
3    package="com.example.gridghost"
4    android:versionCode="1"
5    android:versionName="1.0.0" >
6
7    <uses-sdk
8        android:minSdkVersion="24"
9        android:targetSdkVersion="36" />
10    <!--
11         The INTERNET permission is required for development. Specifically,
12         the Flutter tool needs it to communicate with the running application
13         to allow setting breakpoints, to provide hot reload, etc.
14    -->
15    <uses-permission android:name="android.permission.INTERNET" />
15-->src\main\AndroidManifest.xml:5:5-66
15-->src\main\AndroidManifest.xml:5:22-64
16    <uses-permission android:name="android.permission.CAMERA" />
16-->src\main\AndroidManifest.xml:6:5-65
16-->src\main\AndroidManifest.xml:6:22-62
17
18    <uses-feature android:name="android.hardware.camera.ar" />
18-->src\main\AndroidManifest.xml:7:5-63
18-->src\main\AndroidManifest.xml:7:19-60
19
20    <uses-permission android:name="android.permission.ACCESS_FINE_LOCATION" /> <!-- Sceneform requires OpenGL ES 3.0 or later. -->
20-->[:ar_flutter_plugin] AndroidManifest.xml:8:5-79
20-->[:ar_flutter_plugin] AndroidManifest.xml:8:22-76
21    <uses-feature
21-->[:ar_flutter_plugin] AndroidManifest.xml:11:5-13:35
22        android:glEsVersion="0x00030000"
22-->[:ar_flutter_plugin] AndroidManifest.xml:12:9-41
23        android:required="true" />
23-->[:ar_flutter_plugin] AndroidManifest.xml:13:9-32
24
25    <uses-permission android:name="android.permission.VIBRATE" /> <!-- Include required permissions for Google Maps API to run. -->
25-->[:vibration] AndroidManifest.xml:7:5-66
25-->[:vibration] AndroidManifest.xml:7:22-63
26    <uses-permission android:name="android.permission.ACCESS_NETWORK_STATE" />
26-->[com.google.android.gms:play-services-maps:19.2.0] AndroidManifest.xml:20:5-78
26-->[com.google.android.gms:play-services-maps:19.2.0] AndroidManifest.xml:20:22-76
27
28    <queries>
28-->[com.google.android.gms:play-services-maps:19.2.0] AndroidManifest.xml:27:5-30:15
29
30        <!-- Needs to be explicitly declared on Android R+ -->
31        <package android:name="com.google.android.apps.maps" />
31-->[com.google.android.gms:play-services-maps:19.2.0] AndroidManifest.xml:29:7-61
31-->[com.google.android.gms:play-services-maps:19.2.0] AndroidManifest.xml:29:16-59
32        <package android:name="com.google.ar.core" />
32-->[com.google.ar:core:1.22.0] AndroidManifest.xml:30:9-54
32-->[com.google.ar:core:1.22.0] AndroidManifest.xml:30:18-51
33    </queries>
34
35    <permission
35-->[androidx.core:core:1.13.1] AndroidManifest.xml:22:5-24:47
36        android:name="com.example.gridghost.DYNAMIC_RECEIVER_NOT_EXPORTED_PERMISSION"
36-->[androidx.core:core:1.13.1] AndroidManifest.xml:23:9-81
37        android:protectionLevel="signature" />
37-->[androidx.core:core:1.13.1] AndroidManifest.xml:24:9-44
38
39    <uses-permission android:name="com.example.gridghost.DYNAMIC_RECEIVER_NOT_EXPORTED_PERMISSION" />
39-->[androidx.core:core:1.13.1] AndroidManifest.xml:26:5-97
39-->[androidx.core:core:1.13.1] AndroidManifest.xml:26:22-94
40
41    <application
42        android:name="android.app.Application"
43        android:appComponentFactory="androidx.core.app.CoreComponentFactory"
43-->[androidx.core:core:1.13.1] AndroidManifest.xml:28:18-86
44        android:debuggable="true"
45        android:extractNativeLibs="false"
46        android:icon="@mipmap/ic_launcher"
47        android:label="gridghost" >
48        <meta-data
49            android:name="com.google.ar.core"
50            android:value="required" />
51
52        <activity
53            android:name="com.example.gridghost.MainActivity"
54            android:configChanges="orientation|keyboardHidden|keyboard|screenSize|smallestScreenSize|locale|layoutDirection|fontScale|screenLayout|density|uiMode"
55            android:exported="true"
56            android:hardwareAccelerated="true"
57            android:launchMode="singleTop"
58            android:theme="@style/LaunchTheme"
59            android:windowSoftInputMode="adjustResize" >
60            <meta-data
61                android:name="io.flutter.embedding.android.NormalTheme"
62                android:resource="@style/NormalTheme" />
63
64            <intent-filter>
65                <action android:name="android.intent.action.MAIN" />
66
67                <category android:name="android.intent.category.LAUNCHER" />
68            </intent-filter>
69        </activity>
70
71        <meta-data
72            android:name="flutterEmbedding"
73            android:value="2" />
74
75        <service
75-->[:geolocator_android] AndroidManifest.xml:8:9-12:56
76            android:name="com.baseflow.geolocator.GeolocatorLocationService"
76-->[:geolocator_android] AndroidManifest.xml:9:13-77
77            android:enabled="true"
77-->[:geolocator_android] AndroidManifest.xml:10:13-35
78            android:exported="false"
78-->[:geolocator_android] AndroidManifest.xml:11:13-37
79            android:foregroundServiceType="location" />
79-->[:geolocator_android] AndroidManifest.xml:12:13-53
80
81        <uses-library
81-->[androidx.window:window:1.2.0] AndroidManifest.xml:23:9-25:40
82            android:name="androidx.window.extensions"
82-->[androidx.window:window:1.2.0] AndroidManifest.xml:24:13-54
83            android:required="false" />
83-->[androidx.window:window:1.2.0] AndroidManifest.xml:25:13-37
84        <uses-library
84-->[androidx.window:window:1.2.0] AndroidManifest.xml:26:9-28:40
85            android:name="androidx.window.sidecar"
85-->[androidx.window:window:1.2.0] AndroidManifest.xml:27:13-51
86            android:required="false" />
86-->[androidx.window:window:1.2.0] AndroidManifest.xml:28:13-37
87
88        <activity
88-->[com.google.android.gms:play-services-auth:16.0.1] AndroidManifest.xml:23:9-27:75
89            android:name="com.google.android.gms.auth.api.signin.internal.SignInHubActivity"
89-->[com.google.android.gms:play-services-auth:16.0.1] AndroidManifest.xml:24:13-93
90            android:excludeFromRecents="true"
90-->[com.google.android.gms:play-services-auth:16.0.1] AndroidManifest.xml:25:13-46
91            android:exported="false"
91-->[com.google.android.gms:play-services-auth:16.0.1] AndroidManifest.xml:26:13-37
92            android:theme="@android:style/Theme.Translucent.NoTitleBar" />
92-->[com.google.android.gms:play-services-auth:16.0.1] AndroidManifest.xml:27:13-72
93        <!--
94            Service handling Google Sign-In user revocation. For apps that do not integrate with
95            Google Sign-In, this service will never be started.
96        -->
97        <service
97-->[com.google.android.gms:play-services-auth:16.0.1] AndroidManifest.xml:33:9-36:110
98            android:name="com.google.android.gms.auth.api.signin.RevocationBoundService"
98-->[com.google.android.gms:play-services-auth:16.0.1] AndroidManifest.xml:34:13-89
99            android:exported="true"
99-->[com.google.android.gms:play-services-auth:16.0.1] AndroidManifest.xml:35:13-36
100            android:permission="com.google.android.gms.auth.api.signin.permission.REVOCATION_NOTIFICATION" /> <!-- Needs to be explicitly declared on P+ -->
100-->[com.google.android.gms:play-services-auth:16.0.1] AndroidManifest.xml:36:13-107
101        <uses-library
101-->[com.google.android.gms:play-services-maps:19.2.0] AndroidManifest.xml:33:7-86
102            android:name="org.apache.http.legacy"
102-->[com.google.android.gms:play-services-maps:19.2.0] AndroidManifest.xml:33:21-58
103            android:required="false" />
103-->[com.google.android.gms:play-services-maps:19.2.0] AndroidManifest.xml:33:59-83
104
105        <activity
105-->[com.google.android.gms:play-services-base:18.5.0] AndroidManifest.xml:5:9-173
106            android:name="com.google.android.gms.common.api.GoogleApiActivity"
106-->[com.google.android.gms:play-services-base:18.5.0] AndroidManifest.xml:5:19-85
107            android:exported="false"
107-->[com.google.android.gms:play-services-base:18.5.0] AndroidManifest.xml:5:146-170
108            android:theme="@android:style/Theme.Translucent.NoTitleBar" />
108-->[com.google.android.gms:play-services-base:18.5.0] AndroidManifest.xml:5:86-145
109
110        <meta-data
110-->[com.google.android.gms:play-services-basement:18.4.0] AndroidManifest.xml:6:9-122
111            android:name="com.google.android.gms.version"
111-->[com.google.android.gms:play-services-basement:18.4.0] AndroidManifest.xml:6:20-65
112            android:value="@integer/google_play_services_version" />
112-->[com.google.android.gms:play-services-basement:18.4.0] AndroidManifest.xml:6:66-119
113
114        <provider
114-->[androidx.lifecycle:lifecycle-process:2.7.0] AndroidManifest.xml:24:9-32:20
115            android:name="androidx.startup.InitializationProvider"
115-->[androidx.lifecycle:lifecycle-process:2.7.0] AndroidManifest.xml:25:13-67
116            android:authorities="com.example.gridghost.androidx-startup"
116-->[androidx.lifecycle:lifecycle-process:2.7.0] AndroidManifest.xml:26:13-68
117            android:exported="false" >
117-->[androidx.lifecycle:lifecycle-process:2.7.0] AndroidManifest.xml:27:13-37
118            <meta-data
118-->[androidx.lifecycle:lifecycle-process:2.7.0] AndroidManifest.xml:29:13-31:52
119                android:name="androidx.lifecycle.ProcessLifecycleInitializer"
119-->[androidx.lifecycle:lifecycle-process:2.7.0] AndroidManifest.xml:30:17-78
120                android:value="androidx.startup" />
120-->[androidx.lifecycle:lifecycle-process:2.7.0] AndroidManifest.xml:31:17-49
121            <meta-data
121-->[androidx.profileinstaller:profileinstaller:1.3.1] AndroidManifest.xml:29:13-31:52
122                android:name="androidx.profileinstaller.ProfileInstallerInitializer"
122-->[androidx.profileinstaller:profileinstaller:1.3.1] AndroidManifest.xml:30:17-85
123                android:value="androidx.startup" />
123-->[androidx.profileinstaller:profileinstaller:1.3.1] AndroidManifest.xml:31:17-49
124        </provider>
125
126        <receiver
126-->[androidx.profileinstaller:profileinstaller:1.3.1] AndroidManifest.xml:34:9-52:20
127            android:name="androidx.profileinstaller.ProfileInstallReceiver"
127-->[androidx.profileinstaller:profileinstaller:1.3.1] AndroidManifest.xml:35:13-76
128            android:directBootAware="false"
128-->[androidx.profileinstaller:profileinstaller:1.3.1] AndroidManifest.xml:36:13-44
129            android:enabled="true"
129-->[androidx.profileinstaller:profileinstaller:1.3.1] AndroidManifest.xml:37:13-35
130            android:exported="true"
130-->[androidx.profileinstaller:profileinstaller:1.3.1] AndroidManifest.xml:38:13-36
131            android:permission="android.permission.DUMP" >
131-->[androidx.profileinstaller:profileinstaller:1.3.1] AndroidManifest.xml:39:13-57
132            <intent-filter>
132-->[androidx.profileinstaller:profileinstaller:1.3.1] AndroidManifest.xml:40:13-42:29
133                <action android:name="androidx.profileinstaller.action.INSTALL_PROFILE" />
133-->[androidx.profileinstaller:profileinstaller:1.3.1] AndroidManifest.xml:41:17-91
133-->[androidx.profileinstaller:profileinstaller:1.3.1] AndroidManifest.xml:41:25-88
134            </intent-filter>
135            <intent-filter>
135-->[androidx.profileinstaller:profileinstaller:1.3.1] AndroidManifest.xml:43:13-45:29
136                <action android:name="androidx.profileinstaller.action.SKIP_FILE" />
136-->[androidx.profileinstaller:profileinstaller:1.3.1] AndroidManifest.xml:44:17-85
136-->[androidx.profileinstaller:profileinstaller:1.3.1] AndroidManifest.xml:44:25-82
137            </intent-filter>
138            <intent-filter>
138-->[androidx.profileinstaller:profileinstaller:1.3.1] AndroidManifest.xml:46:13-48:29
139                <action android:name="androidx.profileinstaller.action.SAVE_PROFILE" />
139-->[androidx.profileinstaller:profileinstaller:1.3.1] AndroidManifest.xml:47:17-88
139-->[androidx.profileinstaller:profileinstaller:1.3.1] AndroidManifest.xml:47:25-85
140            </intent-filter>
141            <intent-filter>
141-->[androidx.profileinstaller:profileinstaller:1.3.1] AndroidManifest.xml:49:13-51:29
142                <action android:name="androidx.profileinstaller.action.BENCHMARK_OPERATION" />
142-->[androidx.profileinstaller:profileinstaller:1.3.1] AndroidManifest.xml:50:17-95
142-->[androidx.profileinstaller:profileinstaller:1.3.1] AndroidManifest.xml:50:25-92
143            </intent-filter>
144        </receiver> <!-- The minimal version code of ARCore APK required for an app using this SDK. -->
145        <meta-data
145-->[com.google.ar:core:1.22.0] AndroidManifest.xml:36:9-38:41
146            android:name="com.google.ar.core.min_apk_version"
146-->[com.google.ar:core:1.22.0] AndroidManifest.xml:37:13-62
147            android:value="202940000" /> <!-- This activity is critical for installing ARCore when it is not already present. -->
147-->[com.google.ar:core:1.22.0] AndroidManifest.xml:38:13-38
148        <activity
148-->[com.google.ar:core:1.22.0] AndroidManifest.xml:40:9-46:80
149            android:name="com.google.ar.core.InstallActivity"
149-->[com.google.ar:core:1.22.0] AndroidManifest.xml:41:13-62
150            android:configChanges="keyboardHidden|orientation|screenSize"
150-->[com.google.ar:core:1.22.0] AndroidManifest.xml:42:13-74
151            android:excludeFromRecents="true"
151-->[com.google.ar:core:1.22.0] AndroidManifest.xml:43:13-46
152            android:exported="false"
152-->[com.google.ar:core:1.22.0] AndroidManifest.xml:44:13-37
153            android:launchMode="singleTop"
153-->[com.google.ar:core:1.22.0] AndroidManifest.xml:45:13-43
154            android:theme="@android:style/Theme.Material.Light.Dialog.Alert" />
154-->[com.google.ar:core:1.22.0] AndroidManifest.xml:46:13-77
155    </application>
156
157</manifest>